<?xml version="1.0" encoding="UTF-8"?>
<!-- Generated by org.testng.reporters.JUnitXMLReporter -->
<testsuite ignored="0" hostname="DESKTOP-3F75N2A" failures="0" tests="2" name="SubmitOrder" time="16.464" errors="0" timestamp="2024-05-10T18:04:08 IST">
  <testcase classname="com.ecom.automation.test.functinal.SubmitOrder" name="submitOrder" time="5.321"/>
  <testcase classname="com.ecom.automation.test.functinal.SubmitOrder" name="orderHistoryTest" time="1.937"/>
</testsuite> <!-- SubmitOrder -->
