<?xml version="1.0" encoding="UTF-8"?>
<testng-results ignored="0" total="2" passed="2" failed="0" skipped="0">
  <reporter-output>
  </reporter-output>
  <suite started-at="2024-05-21T10:53:40 IST" name="Regression Suite" finished-at="2024-05-21T10:53:40 IST" duration-ms="66">
    <groups>
    </groups>
    <test started-at="2024-05-21T10:53:40 IST" name="TestNG" finished-at="2024-05-21T10:53:40 IST" duration-ms="66">
      <class name="TestNG.TestNGPractice.TestNG">
        <test-method is-config="true" signature="beforeSuite()[pri:0, instance:TestNG.TestNGPractice.TestNG@3a93b025]" started-at="2024-05-21T10:53:40 IST" name="beforeSuite" finished-at="2024-05-21T10:53:40 IST" duration-ms="15" status="PASS">
          <reporter-output>
          </reporter-output>
        </test-method> <!-- beforeSuite -->
        <test-method is-config="true" signature="beforeTest()[pri:0, instance:TestNG.TestNGPractice.TestNG@3a93b025]" started-at="2024-05-21T10:53:40 IST" name="beforeTest" finished-at="2024-05-21T10:53:40 IST" duration-ms="0" status="PASS">
          <reporter-output>
          </reporter-output>
        </test-method> <!-- beforeTest -->
        <test-method is-config="true" signature="beforeClass()[pri:0, instance:TestNG.TestNGPractice.TestNG@3a93b025]" started-at="2024-05-21T10:53:40 IST" name="beforeClass" finished-at="2024-05-21T10:53:40 IST" duration-ms="0" status="PASS">
          <reporter-output>
          </reporter-output>
        </test-method> <!-- beforeClass -->
        <test-method signature="testCase1()[pri:0, instance:TestNG.TestNGPractice.TestNG@3a93b025]" started-at="2024-05-21T10:53:40 IST" name="testCase1" finished-at="2024-05-21T10:53:40 IST" duration-ms="11" status="PASS">
          <reporter-output>
          </reporter-output>
        </test-method> <!-- testCase1 -->
        <test-method signature="testCase2()[pri:0, instance:TestNG.TestNGPractice.TestNG@3a93b025]" started-at="2024-05-21T10:53:40 IST" name="testCase2" finished-at="2024-05-21T10:53:40 IST" duration-ms="3" status="PASS">
          <reporter-output>
          </reporter-output>
        </test-method> <!-- testCase2 -->
        <test-method is-config="true" signature="afterClass()[pri:0, instance:TestNG.TestNGPractice.TestNG@3a93b025]" started-at="2024-05-21T10:53:40 IST" name="afterClass" finished-at="2024-05-21T10:53:40 IST" duration-ms="0" status="PASS">
          <reporter-output>
          </reporter-output>
        </test-method> <!-- afterClass -->
        <test-method is-config="true" signature="afterTest()[pri:0, instance:TestNG.TestNGPractice.TestNG@3a93b025]" started-at="2024-05-21T10:53:40 IST" name="afterTest" finished-at="2024-05-21T10:53:40 IST" duration-ms="1" status="PASS">
          <reporter-output>
          </reporter-output>
        </test-method> <!-- afterTest -->
        <test-method is-config="true" signature="afterSuite()[pri:0, instance:TestNG.TestNGPractice.TestNG@3a93b025]" started-at="2024-05-21T10:53:40 IST" name="afterSuite" finished-at="2024-05-21T10:53:40 IST" duration-ms="0" status="PASS">
          <reporter-output>
          </reporter-output>
        </test-method> <!-- afterSuite -->
      </class> <!-- TestNG.TestNGPractice.TestNG -->
    </test> <!-- TestNG -->
  </suite> <!-- Regression Suite -->
</testng-results>
